<?xml version="1.0" encoding="UTF-8"?>
<!-- Generated by org.testng.reporters.JUnitReportReporter -->
<testsuite hostname="IBM-PF3DZ8GN" failures="0" tests="2" name="com.qa.testcases.LoginTest4" time="0.007" errors="0" timestamp="9 Jun 2022 06:20:53 GMT">
  <testcase classname="com.qa.testcases.LoginTest4" name="crmLogo" time="0.000"/>
  <testcase classname="com.qa.testcases.LoginTest4" name="loginPageTitle" time="0.007"/>
</testsuite> <!-- com.qa.testcases.LoginTest4 -->
